[0.009s] Invoking command in '/home/wbc/Projects/4wid_4wis_nav/4widis_ros2control_ws/build/4widis_description': CMAKE_PREFIX_PATH=${CMAKE_PREFIX_PATH}:/opt/ros/humble /usr/bin/cmake --build /home/wbc/Projects/4wid_4wis_nav/4widis_ros2control_ws/build/4widis_description -- -j16 -l16
[0.031s] Invoked command in '/home/wbc/Projects/4wid_4wis_nav/4widis_ros2control_ws/build/4widis_description' returned '0': CMAKE_PREFIX_PATH=${CMAKE_PREFIX_PATH}:/opt/ros/humble /usr/bin/cmake --build /home/wbc/Projects/4wid_4wis_nav/4widis_ros2control_ws/build/4widis_description -- -j16 -l16
[0.046s] Invoking command in '/home/wbc/Projects/4wid_4wis_nav/4widis_ros2control_ws/build/4widis_description': CMAKE_PREFIX_PATH=${CMAKE_PREFIX_PATH}:/opt/ros/humble /usr/bin/cmake --install /home/wbc/Projects/4wid_4wis_nav/4widis_ros2control_ws/build/4widis_description
[0.051s] -- Install configuration: ""
[0.051s] -- Up-to-date: /home/wbc/Projects/4wid_4wis_nav/4widis_ros2control_ws/install/4widis_description/share/4widis_description/src
[0.051s] -- Up-to-date: /home/wbc/Projects/4wid_4wis_nav/4widis_ros2control_ws/install/4widis_description/share/4widis_description/src/description
[0.052s] -- Up-to-date: /home/wbc/Projects/4wid_4wis_nav/4widis_ros2control_ws/install/4widis_description/share/4widis_description/src/description/test.urdf.xacro
[0.052s] -- Up-to-date: /home/wbc/Projects/4wid_4wis_nav/4widis_ros2control_ws/install/4widis_description/share/4widis_description/launch
[0.052s] -- Installing: /home/wbc/Projects/4wid_4wis_nav/4widis_ros2control_ws/install/4widis_description/share/4widis_description/launch/display.launch.py
[0.052s] -- Up-to-date: /home/wbc/Projects/4wid_4wis_nav/4widis_ros2control_ws/install/4widis_description/share/4widis_description/rviz
[0.052s] -- Up-to-date: /home/wbc/Projects/4wid_4wis_nav/4widis_ros2control_ws/install/4widis_description/share/4widis_description/rviz/urdf_config.rviz
[0.052s] -- Up-to-date: /home/wbc/Projects/4wid_4wis_nav/4widis_ros2control_ws/install/4widis_description/share/4widis_description/world
[0.052s] -- Up-to-date: /home/wbc/Projects/4wid_4wis_nav/4widis_ros2control_ws/install/4widis_description/share/4widis_description/world/my_world.sdf
[0.052s] -- Up-to-date: /home/wbc/Projects/4wid_4wis_nav/4widis_ros2control_ws/install/4widis_description/share/4widis_description/config
[0.052s] -- Up-to-date: /home/wbc/Projects/4wid_4wis_nav/4widis_ros2control_ws/install/4widis_description/share/4widis_description/config/simple_controllers.yaml
[0.052s] -- Up-to-date: /home/wbc/Projects/4wid_4wis_nav/4widis_ros2control_ws/install/4widis_description/share/ament_index/resource_index/package_run_dependencies/4widis_description
[0.052s] -- Up-to-date: /home/wbc/Projects/4wid_4wis_nav/4widis_ros2control_ws/install/4widis_description/share/ament_index/resource_index/parent_prefix_path/4widis_description
[0.053s] -- Up-to-date: /home/wbc/Projects/4wid_4wis_nav/4widis_ros2control_ws/install/4widis_description/share/4widis_description/environment/ament_prefix_path.sh
[0.053s] -- Up-to-date: /home/wbc/Projects/4wid_4wis_nav/4widis_ros2control_ws/install/4widis_description/share/4widis_description/environment/ament_prefix_path.dsv
[0.054s] -- Up-to-date: /home/wbc/Projects/4wid_4wis_nav/4widis_ros2control_ws/install/4widis_description/share/4widis_description/environment/path.sh
[0.054s] -- Up-to-date: /home/wbc/Projects/4wid_4wis_nav/4widis_ros2control_ws/install/4widis_description/share/4widis_description/environment/path.dsv
[0.054s] -- Up-to-date: /home/wbc/Projects/4wid_4wis_nav/4widis_ros2control_ws/install/4widis_description/share/4widis_description/local_setup.bash
[0.054s] -- Up-to-date: /home/wbc/Projects/4wid_4wis_nav/4widis_ros2control_ws/install/4widis_description/share/4widis_description/local_setup.sh
[0.055s] -- Up-to-date: /home/wbc/Projects/4wid_4wis_nav/4widis_ros2control_ws/install/4widis_description/share/4widis_description/local_setup.zsh
[0.055s] -- Up-to-date: /home/wbc/Projects/4wid_4wis_nav/4widis_ros2control_ws/install/4widis_description/share/4widis_description/local_setup.dsv
[0.055s] -- Installing: /home/wbc/Projects/4wid_4wis_nav/4widis_ros2control_ws/install/4widis_description/share/4widis_description/package.dsv
[0.055s] -- Up-to-date: /home/wbc/Projects/4wid_4wis_nav/4widis_ros2control_ws/install/4widis_description/share/ament_index/resource_index/packages/4widis_description
[0.056s] -- Up-to-date: /home/wbc/Projects/4wid_4wis_nav/4widis_ros2control_ws/install/4widis_description/share/4widis_description/cmake/4widis_descriptionConfig.cmake
[0.056s] -- Up-to-date: /home/wbc/Projects/4wid_4wis_nav/4widis_ros2control_ws/install/4widis_description/share/4widis_description/cmake/4widis_descriptionConfig-version.cmake
[0.056s] -- Up-to-date: /home/wbc/Projects/4wid_4wis_nav/4widis_ros2control_ws/install/4widis_description/share/4widis_description/package.xml
[0.056s] Invoked command in '/home/wbc/Projects/4wid_4wis_nav/4widis_ros2control_ws/build/4widis_description' returned '0': CMAKE_PREFIX_PATH=${CMAKE_PREFIX_PATH}:/opt/ros/humble /usr/bin/cmake --install /home/wbc/Projects/4wid_4wis_nav/4widis_ros2control_ws/build/4widis_description
