[0.005s] Invoking command in '/home/wbc/Projects/4widis_ros2control_ws/build/4widis_description': CMAKE_PREFIX_PATH=${CMAKE_PREFIX_PATH}:/opt/ros/humble /usr/bin/cmake --build /home/wbc/Projects/4widis_ros2control_ws/build/4widis_description -- -j24 -l24
[0.019s] Invoked command in '/home/wbc/Projects/4widis_ros2control_ws/build/4widis_description' returned '0': CMAKE_PREFIX_PATH=${CMAKE_PREFIX_PATH}:/opt/ros/humble /usr/bin/cmake --build /home/wbc/Projects/4widis_ros2control_ws/build/4widis_description -- -j24 -l24
[0.030s] Invoking command in '/home/wbc/Projects/4widis_ros2control_ws/build/4widis_description': CMAKE_PREFIX_PATH=${CMAKE_PREFIX_PATH}:/opt/ros/humble /usr/bin/cmake --install /home/wbc/Projects/4widis_ros2control_ws/build/4widis_description
[0.032s] -- Install configuration: ""
[0.032s] -- Up-to-date: /home/wbc/Projects/4widis_ros2control_ws/install/4widis_description/share/4widis_description/src
[0.032s] -- Up-to-date: /home/wbc/Projects/4widis_ros2control_ws/install/4widis_description/share/4widis_description/src/description
[0.032s] -- Up-to-date: /home/wbc/Projects/4widis_ros2control_ws/install/4widis_description/share/4widis_description/src/description/test.urdf.xacro
[0.032s] -- Up-to-date: /home/wbc/Projects/4widis_ros2control_ws/install/4widis_description/share/4widis_description/launch
[0.032s] -- Installing: /home/wbc/Projects/4widis_ros2control_ws/install/4widis_description/share/4widis_description/launch/display.launch.py
[0.032s] -- Up-to-date: /home/wbc/Projects/4widis_ros2control_ws/install/4widis_description/share/4widis_description/rviz
[0.032s] -- Up-to-date: /home/wbc/Projects/4widis_ros2control_ws/install/4widis_description/share/4widis_description/rviz/urdf_config.rviz
[0.032s] -- Up-to-date: /home/wbc/Projects/4widis_ros2control_ws/install/4widis_description/share/4widis_description/world
[0.032s] -- Up-to-date: /home/wbc/Projects/4widis_ros2control_ws/install/4widis_description/share/4widis_description/world/my_world.sdf
[0.032s] -- Up-to-date: /home/wbc/Projects/4widis_ros2control_ws/install/4widis_description/share/ament_index/resource_index/package_run_dependencies/4widis_description
[0.032s] -- Up-to-date: /home/wbc/Projects/4widis_ros2control_ws/install/4widis_description/share/ament_index/resource_index/parent_prefix_path/4widis_description
[0.032s] -- Up-to-date: /home/wbc/Projects/4widis_ros2control_ws/install/4widis_description/share/4widis_description/environment/ament_prefix_path.sh
[0.033s] -- Up-to-date: /home/wbc/Projects/4widis_ros2control_ws/install/4widis_description/share/4widis_description/environment/ament_prefix_path.dsv
[0.033s] -- Up-to-date: /home/wbc/Projects/4widis_ros2control_ws/install/4widis_description/share/4widis_description/environment/path.sh
[0.033s] -- Up-to-date: /home/wbc/Projects/4widis_ros2control_ws/install/4widis_description/share/4widis_description/environment/path.dsv
[0.033s] -- Up-to-date: /home/wbc/Projects/4widis_ros2control_ws/install/4widis_description/share/4widis_description/local_setup.bash
[0.033s] -- Up-to-date: /home/wbc/Projects/4widis_ros2control_ws/install/4widis_description/share/4widis_description/local_setup.sh
[0.033s] -- Up-to-date: /home/wbc/Projects/4widis_ros2control_ws/install/4widis_description/share/4widis_description/local_setup.zsh
[0.033s] -- Up-to-date: /home/wbc/Projects/4widis_ros2control_ws/install/4widis_description/share/4widis_description/local_setup.dsv
[0.033s] -- Up-to-date: /home/wbc/Projects/4widis_ros2control_ws/install/4widis_description/share/4widis_description/package.dsv
[0.033s] -- Up-to-date: /home/wbc/Projects/4widis_ros2control_ws/install/4widis_description/share/ament_index/resource_index/packages/4widis_description
[0.033s] -- Up-to-date: /home/wbc/Projects/4widis_ros2control_ws/install/4widis_description/share/4widis_description/cmake/4widis_descriptionConfig.cmake
[0.033s] -- Up-to-date: /home/wbc/Projects/4widis_ros2control_ws/install/4widis_description/share/4widis_description/cmake/4widis_descriptionConfig-version.cmake
[0.033s] -- Up-to-date: /home/wbc/Projects/4widis_ros2control_ws/install/4widis_description/share/4widis_description/package.xml
[0.033s] Invoked command in '/home/wbc/Projects/4widis_ros2control_ws/build/4widis_description' returned '0': CMAKE_PREFIX_PATH=${CMAKE_PREFIX_PATH}:/opt/ros/humble /usr/bin/cmake --install /home/wbc/Projects/4widis_ros2control_ws/build/4widis_description
