[0.005s] Invoking command in '/home/wbc/Projects/4widis_ros2control_ws/build/4widis_description': CMAKE_PREFIX_PATH=/opt/ros/humble /usr/bin/cmake /home/wbc/Projects/4widis_ros2control_ws/src/4widis_description -DCMAKE_INSTALL_PREFIX=/home/wbc/Projects/4widis_ros2control_ws/install/4widis_description
[0.027s] -- The C compiler identification is GNU 11.3.0
[0.051s] -- The CXX compiler identification is GNU 11.3.0
[0.054s] -- Detecting C compiler ABI info
[0.082s] -- Detecting C compiler ABI info - done
[0.086s] -- Check for working C compiler: /usr/bin/cc - skipped
[0.086s] -- Detecting C compile features
[0.086s] -- Detecting C compile features - done
[0.087s] -- Detecting CXX compiler ABI info
[0.120s] -- Detecting CXX compiler ABI info - done
[0.123s] -- Check for working CXX compiler: /usr/bin/c++ - skipped
[0.123s] -- Detecting CXX compile features
[0.124s] -- Detecting CXX compile features - done
[0.125s] -- Found ament_cmake: 1.3.5 (/opt/ros/humble/share/ament_cmake/cmake)
[0.282s] -- Found Python3: /usr/bin/python3.10 (found version "3.10.6") found components: Interpreter 
[0.321s] -- Found ament_lint_auto: 0.12.6 (/opt/ros/humble/share/ament_lint_auto/cmake)
[0.345s] WARNING: Package name "4widis_description" does not follow the naming conventions. It should start with a lower case letter and only contain lower case letters, digits, underscores, and dashes.
[0.355s] -- Added test 'flake8' to check Python code syntax and style conventions
[0.356s] -- Added test 'lint_cmake' to check CMake code style
[0.356s] -- Added test 'pep257' to check Python code against some of the docstring style conventions in PEP 257
[0.356s] -- Added test 'xmllint' to check XML markup files
[0.357s] -- Configuring done
[0.358s] -- Generating done
[0.358s] -- Build files have been written to: /home/wbc/Projects/4widis_ros2control_ws/build/4widis_description
[0.360s] Invoked command in '/home/wbc/Projects/4widis_ros2control_ws/build/4widis_description' returned '0': CMAKE_PREFIX_PATH=/opt/ros/humble /usr/bin/cmake /home/wbc/Projects/4widis_ros2control_ws/src/4widis_description -DCMAKE_INSTALL_PREFIX=/home/wbc/Projects/4widis_ros2control_ws/install/4widis_description
[0.361s] Invoking command in '/home/wbc/Projects/4widis_ros2control_ws/build/4widis_description': CMAKE_PREFIX_PATH=/opt/ros/humble /usr/bin/cmake --build /home/wbc/Projects/4widis_ros2control_ws/build/4widis_description -- -j24 -l24
[0.376s] Invoked command in '/home/wbc/Projects/4widis_ros2control_ws/build/4widis_description' returned '0': CMAKE_PREFIX_PATH=/opt/ros/humble /usr/bin/cmake --build /home/wbc/Projects/4widis_ros2control_ws/build/4widis_description -- -j24 -l24
[0.386s] Invoking command in '/home/wbc/Projects/4widis_ros2control_ws/build/4widis_description': CMAKE_PREFIX_PATH=/opt/ros/humble /usr/bin/cmake --install /home/wbc/Projects/4widis_ros2control_ws/build/4widis_description
[0.389s] -- Install configuration: ""
[0.389s] -- Installing: /home/wbc/Projects/4widis_ros2control_ws/install/4widis_description/share/4widis_description/src
[0.389s] -- Installing: /home/wbc/Projects/4widis_ros2control_ws/install/4widis_description/share/4widis_description/src/description
[0.389s] -- Installing: /home/wbc/Projects/4widis_ros2control_ws/install/4widis_description/share/4widis_description/src/description/test.urdf
[0.389s] -- Installing: /home/wbc/Projects/4widis_ros2control_ws/install/4widis_description/share/4widis_description/launch
[0.389s] -- Installing: /home/wbc/Projects/4widis_ros2control_ws/install/4widis_description/share/4widis_description/launch/display.launch.py
[0.389s] -- Installing: /home/wbc/Projects/4widis_ros2control_ws/install/4widis_description/share/4widis_description/rviz
[0.389s] -- Installing: /home/wbc/Projects/4widis_ros2control_ws/install/4widis_description/share/4widis_description/rviz/urdf_config.rviz
[0.389s] [31mCMake Error at cmake_install.cmake:46 (file):
[0.389s]   file INSTALL cannot find
[0.389s]   "/home/wbc/Projects/4widis_ros2control_ws/src/4widis_description/config":
[0.389s]   No such file or directory.
[0.389s] 
[0.389s] [0m
[0.390s] Invoked command in '/home/wbc/Projects/4widis_ros2control_ws/build/4widis_description' returned '1': CMAKE_PREFIX_PATH=/opt/ros/humble /usr/bin/cmake --install /home/wbc/Projects/4widis_ros2control_ws/build/4widis_description
