-- Install configuration: ""
-- Up-to-date: /home/wbc/Projects/4wid_4wis_nav/ackermann_ws/install/ackermann_description/share/ackermann_description/src
-- Up-to-date: /home/wbc/Projects/4wid_4wis_nav/ackermann_ws/install/ackermann_description/share/ackermann_description/src/description
-- Up-to-date: /home/wbc/Projects/4wid_4wis_nav/ackermann_ws/install/ackermann_description/share/ackermann_description/src/description/inertial_macros.xacro
-- Up-to-date: /home/wbc/Projects/4wid_4wis_nav/ackermann_ws/install/ackermann_description/share/ackermann_description/src/description/vehicle.urdf.xacro
-- Up-to-date: /home/wbc/Projects/4wid_4wis_nav/ackermann_ws/install/ackermann_description/share/ackermann_description/launch
-- Up-to-date: /home/wbc/Projects/4wid_4wis_nav/ackermann_ws/install/ackermann_description/share/ackermann_description/launch/display.launch.py
-- Up-to-date: /home/wbc/Projects/4wid_4wis_nav/ackermann_ws/install/ackermann_description/share/ackermann_description/launch/gazebo_sim.launch.py
-- Up-to-date: /home/wbc/Projects/4wid_4wis_nav/ackermann_ws/install/ackermann_description/share/ackermann_description/rviz
-- Up-to-date: /home/wbc/Projects/4wid_4wis_nav/ackermann_ws/install/ackermann_description/share/ackermann_description/rviz/urdf_config.rviz
-- Up-to-date: /home/wbc/Projects/4wid_4wis_nav/ackermann_ws/install/ackermann_description/share/ackermann_description/config
-- Installing: /home/wbc/Projects/4wid_4wis_nav/ackermann_ws/install/ackermann_description/share/ackermann_description/config/controller_manager.yaml
-- Up-to-date: /home/wbc/Projects/4wid_4wis_nav/ackermann_ws/install/ackermann_description/share/ament_index/resource_index/package_run_dependencies/ackermann_description
-- Up-to-date: /home/wbc/Projects/4wid_4wis_nav/ackermann_ws/install/ackermann_description/share/ament_index/resource_index/parent_prefix_path/ackermann_description
-- Up-to-date: /home/wbc/Projects/4wid_4wis_nav/ackermann_ws/install/ackermann_description/share/ackermann_description/environment/ament_prefix_path.sh
-- Up-to-date: /home/wbc/Projects/4wid_4wis_nav/ackermann_ws/install/ackermann_description/share/ackermann_description/environment/ament_prefix_path.dsv
-- Up-to-date: /home/wbc/Projects/4wid_4wis_nav/ackermann_ws/install/ackermann_description/share/ackermann_description/environment/path.sh
-- Up-to-date: /home/wbc/Projects/4wid_4wis_nav/ackermann_ws/install/ackermann_description/share/ackermann_description/environment/path.dsv
-- Up-to-date: /home/wbc/Projects/4wid_4wis_nav/ackermann_ws/install/ackermann_description/share/ackermann_description/local_setup.bash
-- Up-to-date: /home/wbc/Projects/4wid_4wis_nav/ackermann_ws/install/ackermann_description/share/ackermann_description/local_setup.sh
-- Up-to-date: /home/wbc/Projects/4wid_4wis_nav/ackermann_ws/install/ackermann_description/share/ackermann_description/local_setup.zsh
-- Up-to-date: /home/wbc/Projects/4wid_4wis_nav/ackermann_ws/install/ackermann_description/share/ackermann_description/local_setup.dsv
-- Installing: /home/wbc/Projects/4wid_4wis_nav/ackermann_ws/install/ackermann_description/share/ackermann_description/package.dsv
-- Up-to-date: /home/wbc/Projects/4wid_4wis_nav/ackermann_ws/install/ackermann_description/share/ament_index/resource_index/packages/ackermann_description
-- Up-to-date: /home/wbc/Projects/4wid_4wis_nav/ackermann_ws/install/ackermann_description/share/ackermann_description/cmake/ackermann_descriptionConfig.cmake
-- Up-to-date: /home/wbc/Projects/4wid_4wis_nav/ackermann_ws/install/ackermann_description/share/ackermann_description/cmake/ackermann_descriptionConfig-version.cmake
-- Up-to-date: /home/wbc/Projects/4wid_4wis_nav/ackermann_ws/install/ackermann_description/share/ackermann_description/package.xml
