[0.005s] Invoking command in '/home/wbc/Projects/4wid_4wis_nav/ackermann_ws/build/ackermann_description': CMAKE_PREFIX_PATH=${CMAKE_PREFIX_PATH}:/opt/ros/humble /usr/bin/cmake /home/wbc/Projects/4wid_4wis_nav/ackermann_ws/src/ackermann_description -DCMAKE_INSTALL_PREFIX=/home/wbc/Projects/4wid_4wis_nav/ackermann_ws/install/ackermann_description
[0.028s] -- The C compiler identification is GNU 11.3.0
[0.052s] -- The CXX compiler identification is GNU 11.3.0
[0.055s] -- Detecting C compiler ABI info
[0.083s] -- Detecting C compiler ABI info - done
[0.086s] -- Check for working C compiler: /usr/bin/cc - skipped
[0.086s] -- Detecting C compile features
[0.086s] -- Detecting C compile features - done
[0.088s] -- Detecting CXX compiler ABI info
[0.120s] -- Detecting CXX compiler ABI info - done
[0.123s] -- Check for working CXX compiler: /usr/bin/c++ - skipped
[0.124s] -- Detecting CXX compile features
[0.124s] -- Detecting CXX compile features - done
[0.125s] -- Found ament_cmake: 1.3.5 (/opt/ros/humble/share/ament_cmake/cmake)
[0.279s] -- Found Python3: /usr/bin/python3.10 (found version "3.10.6") found components: Interpreter 
[0.317s] -- Found ament_lint_auto: 0.12.7 (/opt/ros/humble/share/ament_lint_auto/cmake)
[0.350s] -- Added test 'flake8' to check Python code syntax and style conventions
[0.351s] -- Added test 'lint_cmake' to check CMake code style
[0.351s] -- Added test 'pep257' to check Python code against some of the docstring style conventions in PEP 257
[0.351s] -- Added test 'xmllint' to check XML markup files
[0.352s] -- Configuring done
[0.353s] -- Generating done
[0.353s] -- Build files have been written to: /home/wbc/Projects/4wid_4wis_nav/ackermann_ws/build/ackermann_description
[0.356s] Invoked command in '/home/wbc/Projects/4wid_4wis_nav/ackermann_ws/build/ackermann_description' returned '0': CMAKE_PREFIX_PATH=${CMAKE_PREFIX_PATH}:/opt/ros/humble /usr/bin/cmake /home/wbc/Projects/4wid_4wis_nav/ackermann_ws/src/ackermann_description -DCMAKE_INSTALL_PREFIX=/home/wbc/Projects/4wid_4wis_nav/ackermann_ws/install/ackermann_description
[0.357s] Invoking command in '/home/wbc/Projects/4wid_4wis_nav/ackermann_ws/build/ackermann_description': CMAKE_PREFIX_PATH=${CMAKE_PREFIX_PATH}:/opt/ros/humble /usr/bin/cmake --build /home/wbc/Projects/4wid_4wis_nav/ackermann_ws/build/ackermann_description -- -j24 -l24
[0.370s] Invoked command in '/home/wbc/Projects/4wid_4wis_nav/ackermann_ws/build/ackermann_description' returned '0': CMAKE_PREFIX_PATH=${CMAKE_PREFIX_PATH}:/opt/ros/humble /usr/bin/cmake --build /home/wbc/Projects/4wid_4wis_nav/ackermann_ws/build/ackermann_description -- -j24 -l24
[0.381s] Invoking command in '/home/wbc/Projects/4wid_4wis_nav/ackermann_ws/build/ackermann_description': CMAKE_PREFIX_PATH=${CMAKE_PREFIX_PATH}:/opt/ros/humble /usr/bin/cmake --install /home/wbc/Projects/4wid_4wis_nav/ackermann_ws/build/ackermann_description
[0.384s] -- Install configuration: ""
[0.384s] -- Installing: /home/wbc/Projects/4wid_4wis_nav/ackermann_ws/install/ackermann_description/share/ament_index/resource_index/package_run_dependencies/ackermann_description
[0.384s] -- Installing: /home/wbc/Projects/4wid_4wis_nav/ackermann_ws/install/ackermann_description/share/ament_index/resource_index/parent_prefix_path/ackermann_description
[0.384s] -- Installing: /home/wbc/Projects/4wid_4wis_nav/ackermann_ws/install/ackermann_description/share/ackermann_description/environment/ament_prefix_path.sh
[0.384s] -- Installing: /home/wbc/Projects/4wid_4wis_nav/ackermann_ws/install/ackermann_description/share/ackermann_description/environment/ament_prefix_path.dsv
[0.384s] -- Installing: /home/wbc/Projects/4wid_4wis_nav/ackermann_ws/install/ackermann_description/share/ackermann_description/environment/path.sh
[0.384s] -- Installing: /home/wbc/Projects/4wid_4wis_nav/ackermann_ws/install/ackermann_description/share/ackermann_description/environment/path.dsv
[0.384s] -- Installing: /home/wbc/Projects/4wid_4wis_nav/ackermann_ws/install/ackermann_description/share/ackermann_description/local_setup.bash
[0.384s] -- Installing: /home/wbc/Projects/4wid_4wis_nav/ackermann_ws/install/ackermann_description/share/ackermann_description/local_setup.sh
[0.384s] -- Installing: /home/wbc/Projects/4wid_4wis_nav/ackermann_ws/install/ackermann_description/share/ackermann_description/local_setup.zsh
[0.384s] -- Installing: /home/wbc/Projects/4wid_4wis_nav/ackermann_ws/install/ackermann_description/share/ackermann_description/local_setup.dsv
[0.384s] -- Installing: /home/wbc/Projects/4wid_4wis_nav/ackermann_ws/install/ackermann_description/share/ackermann_description/package.dsv
[0.384s] -- Installing: /home/wbc/Projects/4wid_4wis_nav/ackermann_ws/install/ackermann_description/share/ament_index/resource_index/packages/ackermann_description
[0.384s] -- Installing: /home/wbc/Projects/4wid_4wis_nav/ackermann_ws/install/ackermann_description/share/ackermann_description/cmake/ackermann_descriptionConfig.cmake
[0.384s] -- Installing: /home/wbc/Projects/4wid_4wis_nav/ackermann_ws/install/ackermann_description/share/ackermann_description/cmake/ackermann_descriptionConfig-version.cmake
[0.384s] -- Installing: /home/wbc/Projects/4wid_4wis_nav/ackermann_ws/install/ackermann_description/share/ackermann_description/package.xml
[0.385s] Invoked command in '/home/wbc/Projects/4wid_4wis_nav/ackermann_ws/build/ackermann_description' returned '0': CMAKE_PREFIX_PATH=${CMAKE_PREFIX_PATH}:/opt/ros/humble /usr/bin/cmake --install /home/wbc/Projects/4wid_4wis_nav/ackermann_ws/build/ackermann_description
