[0.008s] Invoking command in '/home/wbc/Projects/4wid_4wis_nav/4widis_ros2control_ws/build/4widis_description': CMAKE_PREFIX_PATH=/opt/ros/humble /usr/bin/cmake /home/wbc/Projects/4wid_4wis_nav/4widis_ros2control_ws/src/4widis_description -DCMAKE_INSTALL_PREFIX=/home/wbc/Projects/4wid_4wis_nav/4widis_ros2control_ws/install/4widis_description
[0.114s] -- The C compiler identification is GNU 11.3.0
[0.231s] -- The CXX compiler identification is GNU 11.3.0
[0.239s] -- Detecting C compiler ABI info
[0.285s] -- Detecting C compiler ABI info - done
[0.290s] -- Check for working C compiler: /usr/bin/cc - skipped
[0.291s] -- Detecting C compile features
[0.291s] -- Detecting C compile features - done
[0.294s] -- Detecting CXX compiler ABI info
[0.344s] -- Detecting CXX compiler ABI info - done
[0.350s] -- Check for working CXX compiler: /usr/bin/c++ - skipped
[0.350s] -- Detecting CXX compile features
[0.351s] -- Detecting CXX compile features - done
[0.358s] -- Found ament_cmake: 1.3.5 (/opt/ros/humble/share/ament_cmake/cmake)
[0.469s] -- Found Python3: /usr/bin/python3.10 (found version "3.10.6") found components: Interpreter 
[0.537s] -- Found ament_lint_auto: 0.12.7 (/opt/ros/humble/share/ament_lint_auto/cmake)
[0.571s] WARNING: Package name "4widis_description" does not follow the naming conventions. It should start with a lower case letter and only contain lower case letters, digits, underscores, and dashes.
[0.587s] -- Added test 'flake8' to check Python code syntax and style conventions
[0.588s] -- Added test 'lint_cmake' to check CMake code style
[0.588s] -- Added test 'pep257' to check Python code against some of the docstring style conventions in PEP 257
[0.589s] -- Added test 'xmllint' to check XML markup files
[0.590s] -- Configuring done
[0.592s] -- Generating done
[0.592s] -- Build files have been written to: /home/wbc/Projects/4wid_4wis_nav/4widis_ros2control_ws/build/4widis_description
[0.595s] Invoked command in '/home/wbc/Projects/4wid_4wis_nav/4widis_ros2control_ws/build/4widis_description' returned '0': CMAKE_PREFIX_PATH=/opt/ros/humble /usr/bin/cmake /home/wbc/Projects/4wid_4wis_nav/4widis_ros2control_ws/src/4widis_description -DCMAKE_INSTALL_PREFIX=/home/wbc/Projects/4wid_4wis_nav/4widis_ros2control_ws/install/4widis_description
[0.596s] Invoking command in '/home/wbc/Projects/4wid_4wis_nav/4widis_ros2control_ws/build/4widis_description': CMAKE_PREFIX_PATH=/opt/ros/humble /usr/bin/cmake --build /home/wbc/Projects/4wid_4wis_nav/4widis_ros2control_ws/build/4widis_description -- -j16 -l16
[0.615s] Invoked command in '/home/wbc/Projects/4wid_4wis_nav/4widis_ros2control_ws/build/4widis_description' returned '0': CMAKE_PREFIX_PATH=/opt/ros/humble /usr/bin/cmake --build /home/wbc/Projects/4wid_4wis_nav/4widis_ros2control_ws/build/4widis_description -- -j16 -l16
[0.633s] Invoking command in '/home/wbc/Projects/4wid_4wis_nav/4widis_ros2control_ws/build/4widis_description': CMAKE_PREFIX_PATH=/opt/ros/humble /usr/bin/cmake --install /home/wbc/Projects/4wid_4wis_nav/4widis_ros2control_ws/build/4widis_description
[0.637s] -- Install configuration: ""
[0.637s] -- Installing: /home/wbc/Projects/4wid_4wis_nav/4widis_ros2control_ws/install/4widis_description/share/4widis_description/src
[0.637s] -- Installing: /home/wbc/Projects/4wid_4wis_nav/4widis_ros2control_ws/install/4widis_description/share/4widis_description/src/description
[0.637s] -- Installing: /home/wbc/Projects/4wid_4wis_nav/4widis_ros2control_ws/install/4widis_description/share/4widis_description/src/description/test.urdf.xacro
[0.637s] -- Installing: /home/wbc/Projects/4wid_4wis_nav/4widis_ros2control_ws/install/4widis_description/share/4widis_description/launch
[0.637s] -- Installing: /home/wbc/Projects/4wid_4wis_nav/4widis_ros2control_ws/install/4widis_description/share/4widis_description/launch/display.launch.py
[0.637s] -- Installing: /home/wbc/Projects/4wid_4wis_nav/4widis_ros2control_ws/install/4widis_description/share/4widis_description/rviz
[0.637s] -- Installing: /home/wbc/Projects/4wid_4wis_nav/4widis_ros2control_ws/install/4widis_description/share/4widis_description/rviz/urdf_config.rviz
[0.637s] -- Installing: /home/wbc/Projects/4wid_4wis_nav/4widis_ros2control_ws/install/4widis_description/share/4widis_description/world
[0.637s] -- Installing: /home/wbc/Projects/4wid_4wis_nav/4widis_ros2control_ws/install/4widis_description/share/4widis_description/world/my_world.sdf
[0.637s] -- Installing: /home/wbc/Projects/4wid_4wis_nav/4widis_ros2control_ws/install/4widis_description/share/4widis_description/config
[0.637s] -- Installing: /home/wbc/Projects/4wid_4wis_nav/4widis_ros2control_ws/install/4widis_description/share/4widis_description/config/simple_controllers.yaml
[0.637s] -- Installing: /home/wbc/Projects/4wid_4wis_nav/4widis_ros2control_ws/install/4widis_description/share/ament_index/resource_index/package_run_dependencies/4widis_description
[0.637s] -- Installing: /home/wbc/Projects/4wid_4wis_nav/4widis_ros2control_ws/install/4widis_description/share/ament_index/resource_index/parent_prefix_path/4widis_description
[0.638s] -- Installing: /home/wbc/Projects/4wid_4wis_nav/4widis_ros2control_ws/install/4widis_description/share/4widis_description/environment/ament_prefix_path.sh
[0.638s] -- Installing: /home/wbc/Projects/4wid_4wis_nav/4widis_ros2control_ws/install/4widis_description/share/4widis_description/environment/ament_prefix_path.dsv
[0.638s] -- Installing: /home/wbc/Projects/4wid_4wis_nav/4widis_ros2control_ws/install/4widis_description/share/4widis_description/environment/path.sh
[0.638s] -- Installing: /home/wbc/Projects/4wid_4wis_nav/4widis_ros2control_ws/install/4widis_description/share/4widis_description/environment/path.dsv
[0.638s] -- Installing: /home/wbc/Projects/4wid_4wis_nav/4widis_ros2control_ws/install/4widis_description/share/4widis_description/local_setup.bash
[0.638s] -- Installing: /home/wbc/Projects/4wid_4wis_nav/4widis_ros2control_ws/install/4widis_description/share/4widis_description/local_setup.sh
[0.638s] -- Installing: /home/wbc/Projects/4wid_4wis_nav/4widis_ros2control_ws/install/4widis_description/share/4widis_description/local_setup.zsh
[0.638s] -- Installing: /home/wbc/Projects/4wid_4wis_nav/4widis_ros2control_ws/install/4widis_description/share/4widis_description/local_setup.dsv
[0.638s] -- Installing: /home/wbc/Projects/4wid_4wis_nav/4widis_ros2control_ws/install/4widis_description/share/4widis_description/package.dsv
[0.638s] -- Installing: /home/wbc/Projects/4wid_4wis_nav/4widis_ros2control_ws/install/4widis_description/share/ament_index/resource_index/packages/4widis_description
[0.639s] -- Installing: /home/wbc/Projects/4wid_4wis_nav/4widis_ros2control_ws/install/4widis_description/share/4widis_description/cmake/4widis_descriptionConfig.cmake
[0.639s] -- Installing: /home/wbc/Projects/4wid_4wis_nav/4widis_ros2control_ws/install/4widis_description/share/4widis_description/cmake/4widis_descriptionConfig-version.cmake
[0.639s] -- Installing: /home/wbc/Projects/4wid_4wis_nav/4widis_ros2control_ws/install/4widis_description/share/4widis_description/package.xml
[0.640s] Invoked command in '/home/wbc/Projects/4wid_4wis_nav/4widis_ros2control_ws/build/4widis_description' returned '0': CMAKE_PREFIX_PATH=/opt/ros/humble /usr/bin/cmake --install /home/wbc/Projects/4wid_4wis_nav/4widis_ros2control_ws/build/4widis_description
