[0.005s] Invoking command in '/home/wbc/Projects/4wid_4wis_nav/ackermann_ws/build/ackermann_description': CMAKE_PREFIX_PATH=${CMAKE_PREFIX_PATH}:/opt/ros/humble /usr/bin/cmake --build /home/wbc/Projects/4wid_4wis_nav/ackermann_ws/build/ackermann_description -- -j24 -l24
[0.020s] Invoked command in '/home/wbc/Projects/4wid_4wis_nav/ackermann_ws/build/ackermann_description' returned '0': CMAKE_PREFIX_PATH=${CMAKE_PREFIX_PATH}:/opt/ros/humble /usr/bin/cmake --build /home/wbc/Projects/4wid_4wis_nav/ackermann_ws/build/ackermann_description -- -j24 -l24
[0.031s] Invoking command in '/home/wbc/Projects/4wid_4wis_nav/ackermann_ws/build/ackermann_description': CMAKE_PREFIX_PATH=${CMAKE_PREFIX_PATH}:/opt/ros/humble /usr/bin/cmake --install /home/wbc/Projects/4wid_4wis_nav/ackermann_ws/build/ackermann_description
[0.034s] -- Install configuration: ""
[0.034s] -- Up-to-date: /home/wbc/Projects/4wid_4wis_nav/ackermann_ws/install/ackermann_description/share/ackermann_description/src
[0.034s] -- Up-to-date: /home/wbc/Projects/4wid_4wis_nav/ackermann_ws/install/ackermann_description/share/ackermann_description/src/description
[0.034s] -- Up-to-date: /home/wbc/Projects/4wid_4wis_nav/ackermann_ws/install/ackermann_description/share/ackermann_description/src/description/inertial_macros.xacro
[0.034s] -- Installing: /home/wbc/Projects/4wid_4wis_nav/ackermann_ws/install/ackermann_description/share/ackermann_description/src/description/vehicle.urdf.xacro
[0.034s] -- Up-to-date: /home/wbc/Projects/4wid_4wis_nav/ackermann_ws/install/ackermann_description/share/ackermann_description/launch
[0.034s] -- Up-to-date: /home/wbc/Projects/4wid_4wis_nav/ackermann_ws/install/ackermann_description/share/ackermann_description/launch/display.launch.py
[0.034s] -- Up-to-date: /home/wbc/Projects/4wid_4wis_nav/ackermann_ws/install/ackermann_description/share/ackermann_description/rviz
[0.034s] -- Up-to-date: /home/wbc/Projects/4wid_4wis_nav/ackermann_ws/install/ackermann_description/share/ackermann_description/rviz/urdf_config.rviz
[0.034s] -- Up-to-date: /home/wbc/Projects/4wid_4wis_nav/ackermann_ws/install/ackermann_description/share/ackermann_description/config
[0.034s] -- Up-to-date: /home/wbc/Projects/4wid_4wis_nav/ackermann_ws/install/ackermann_description/share/ament_index/resource_index/package_run_dependencies/ackermann_description
[0.034s] -- Up-to-date: /home/wbc/Projects/4wid_4wis_nav/ackermann_ws/install/ackermann_description/share/ament_index/resource_index/parent_prefix_path/ackermann_description
[0.034s] -- Up-to-date: /home/wbc/Projects/4wid_4wis_nav/ackermann_ws/install/ackermann_description/share/ackermann_description/environment/ament_prefix_path.sh
[0.034s] -- Up-to-date: /home/wbc/Projects/4wid_4wis_nav/ackermann_ws/install/ackermann_description/share/ackermann_description/environment/ament_prefix_path.dsv
[0.034s] -- Up-to-date: /home/wbc/Projects/4wid_4wis_nav/ackermann_ws/install/ackermann_description/share/ackermann_description/environment/path.sh
[0.034s] -- Up-to-date: /home/wbc/Projects/4wid_4wis_nav/ackermann_ws/install/ackermann_description/share/ackermann_description/environment/path.dsv
[0.034s] -- Up-to-date: /home/wbc/Projects/4wid_4wis_nav/ackermann_ws/install/ackermann_description/share/ackermann_description/local_setup.bash
[0.034s] -- Up-to-date: /home/wbc/Projects/4wid_4wis_nav/ackermann_ws/install/ackermann_description/share/ackermann_description/local_setup.sh
[0.034s] -- Up-to-date: /home/wbc/Projects/4wid_4wis_nav/ackermann_ws/install/ackermann_description/share/ackermann_description/local_setup.zsh
[0.034s] -- Up-to-date: /home/wbc/Projects/4wid_4wis_nav/ackermann_ws/install/ackermann_description/share/ackermann_description/local_setup.dsv
[0.034s] -- Installing: /home/wbc/Projects/4wid_4wis_nav/ackermann_ws/install/ackermann_description/share/ackermann_description/package.dsv
[0.034s] -- Up-to-date: /home/wbc/Projects/4wid_4wis_nav/ackermann_ws/install/ackermann_description/share/ament_index/resource_index/packages/ackermann_description
[0.034s] -- Up-to-date: /home/wbc/Projects/4wid_4wis_nav/ackermann_ws/install/ackermann_description/share/ackermann_description/cmake/ackermann_descriptionConfig.cmake
[0.034s] -- Up-to-date: /home/wbc/Projects/4wid_4wis_nav/ackermann_ws/install/ackermann_description/share/ackermann_description/cmake/ackermann_descriptionConfig-version.cmake
[0.035s] -- Up-to-date: /home/wbc/Projects/4wid_4wis_nav/ackermann_ws/install/ackermann_description/share/ackermann_description/package.xml
[0.035s] Invoked command in '/home/wbc/Projects/4wid_4wis_nav/ackermann_ws/build/ackermann_description' returned '0': CMAKE_PREFIX_PATH=${CMAKE_PREFIX_PATH}:/opt/ros/humble /usr/bin/cmake --install /home/wbc/Projects/4wid_4wis_nav/ackermann_ws/build/ackermann_description
