[0.005s] Invoking command in '/home/wbc/Projects/4widis_ros2control_ws/build/4widis_description': CMAKE_PREFIX_PATH=${CMAKE_PREFIX_PATH}:/opt/ros/humble /usr/bin/cmake --build /home/wbc/Projects/4widis_ros2control_ws/build/4widis_description -- -j24 -l24
[0.015s] -- Found ament_cmake: 1.3.5 (/opt/ros/humble/share/ament_cmake/cmake)
[0.079s] -- Found ament_lint_auto: 0.12.6 (/opt/ros/humble/share/ament_lint_auto/cmake)
[0.102s] WARNING: Package name "4widis_description" does not follow the naming conventions. It should start with a lower case letter and only contain lower case letters, digits, underscores, and dashes.
[0.109s] -- Added test 'flake8' to check Python code syntax and style conventions
[0.109s] -- Added test 'lint_cmake' to check CMake code style
[0.109s] -- Added test 'pep257' to check Python code against some of the docstring style conventions in PEP 257
[0.110s] -- Added test 'xmllint' to check XML markup files
[0.110s] -- Configuring done
[0.111s] -- Generating done
[0.111s] -- Build files have been written to: /home/wbc/Projects/4widis_ros2control_ws/build/4widis_description
[0.120s] Invoked command in '/home/wbc/Projects/4widis_ros2control_ws/build/4widis_description' returned '0': CMAKE_PREFIX_PATH=${CMAKE_PREFIX_PATH}:/opt/ros/humble /usr/bin/cmake --build /home/wbc/Projects/4widis_ros2control_ws/build/4widis_description -- -j24 -l24
[0.131s] Invoking command in '/home/wbc/Projects/4widis_ros2control_ws/build/4widis_description': CMAKE_PREFIX_PATH=${CMAKE_PREFIX_PATH}:/opt/ros/humble /usr/bin/cmake --install /home/wbc/Projects/4widis_ros2control_ws/build/4widis_description
[0.133s] -- Install configuration: ""
[0.133s] -- Up-to-date: /home/wbc/Projects/4widis_ros2control_ws/install/4widis_description/share/4widis_description/src
[0.133s] -- Up-to-date: /home/wbc/Projects/4widis_ros2control_ws/install/4widis_description/share/4widis_description/src/description
[0.134s] -- Up-to-date: /home/wbc/Projects/4widis_ros2control_ws/install/4widis_description/share/4widis_description/src/description/test.urdf.xacro
[0.134s] -- Up-to-date: /home/wbc/Projects/4widis_ros2control_ws/install/4widis_description/share/4widis_description/launch
[0.134s] -- Installing: /home/wbc/Projects/4widis_ros2control_ws/install/4widis_description/share/4widis_description/launch/display.launch.py
[0.134s] -- Up-to-date: /home/wbc/Projects/4widis_ros2control_ws/install/4widis_description/share/4widis_description/rviz
[0.134s] -- Up-to-date: /home/wbc/Projects/4widis_ros2control_ws/install/4widis_description/share/4widis_description/rviz/urdf_config.rviz
[0.134s] -- Installing: /home/wbc/Projects/4widis_ros2control_ws/install/4widis_description/share/4widis_description/world
[0.134s] -- Installing: /home/wbc/Projects/4widis_ros2control_ws/install/4widis_description/share/4widis_description/world/my_world.sdf
[0.134s] -- Up-to-date: /home/wbc/Projects/4widis_ros2control_ws/install/4widis_description/share/ament_index/resource_index/package_run_dependencies/4widis_description
[0.134s] -- Installing: /home/wbc/Projects/4widis_ros2control_ws/install/4widis_description/share/ament_index/resource_index/parent_prefix_path/4widis_description
[0.134s] -- Up-to-date: /home/wbc/Projects/4widis_ros2control_ws/install/4widis_description/share/4widis_description/environment/ament_prefix_path.sh
[0.134s] -- Installing: /home/wbc/Projects/4widis_ros2control_ws/install/4widis_description/share/4widis_description/environment/ament_prefix_path.dsv
[0.134s] -- Up-to-date: /home/wbc/Projects/4widis_ros2control_ws/install/4widis_description/share/4widis_description/environment/path.sh
[0.134s] -- Installing: /home/wbc/Projects/4widis_ros2control_ws/install/4widis_description/share/4widis_description/environment/path.dsv
[0.134s] -- Up-to-date: /home/wbc/Projects/4widis_ros2control_ws/install/4widis_description/share/4widis_description/local_setup.bash
[0.134s] -- Up-to-date: /home/wbc/Projects/4widis_ros2control_ws/install/4widis_description/share/4widis_description/local_setup.sh
[0.134s] -- Up-to-date: /home/wbc/Projects/4widis_ros2control_ws/install/4widis_description/share/4widis_description/local_setup.zsh
[0.134s] -- Installing: /home/wbc/Projects/4widis_ros2control_ws/install/4widis_description/share/4widis_description/local_setup.dsv
[0.134s] -- Installing: /home/wbc/Projects/4widis_ros2control_ws/install/4widis_description/share/4widis_description/package.dsv
[0.134s] -- Up-to-date: /home/wbc/Projects/4widis_ros2control_ws/install/4widis_description/share/ament_index/resource_index/packages/4widis_description
[0.134s] -- Up-to-date: /home/wbc/Projects/4widis_ros2control_ws/install/4widis_description/share/4widis_description/cmake/4widis_descriptionConfig.cmake
[0.134s] -- Up-to-date: /home/wbc/Projects/4widis_ros2control_ws/install/4widis_description/share/4widis_description/cmake/4widis_descriptionConfig-version.cmake
[0.134s] -- Up-to-date: /home/wbc/Projects/4widis_ros2control_ws/install/4widis_description/share/4widis_description/package.xml
[0.135s] Invoked command in '/home/wbc/Projects/4widis_ros2control_ws/build/4widis_description' returned '0': CMAKE_PREFIX_PATH=${CMAKE_PREFIX_PATH}:/opt/ros/humble /usr/bin/cmake --install /home/wbc/Projects/4widis_ros2control_ws/build/4widis_description
