-- Install configuration: ""
-- Up-to-date: /home/wbc/Projects/4widis_ros2control_ws/install/4widis_description/share/4widis_description/src
-- Up-to-date: /home/wbc/Projects/4widis_ros2control_ws/install/4widis_description/share/4widis_description/src/description
-- Installing: /home/wbc/Projects/4widis_ros2control_ws/install/4widis_description/share/4widis_description/src/description/test.urdf.xacro
-- Up-to-date: /home/wbc/Projects/4widis_ros2control_ws/install/4widis_description/share/4widis_description/launch
-- Up-to-date: /home/wbc/Projects/4widis_ros2control_ws/install/4widis_description/share/4widis_description/launch/display.launch.py
-- Up-to-date: /home/wbc/Projects/4widis_ros2control_ws/install/4widis_description/share/4widis_description/rviz
-- Up-to-date: /home/wbc/Projects/4widis_ros2control_ws/install/4widis_description/share/4widis_description/rviz/urdf_config.rviz
-- Up-to-date: /home/wbc/Projects/4widis_ros2control_ws/install/4widis_description/share/ament_index/resource_index/package_run_dependencies/4widis_description
-- Up-to-date: /home/wbc/Projects/4widis_ros2control_ws/install/4widis_description/share/ament_index/resource_index/parent_prefix_path/4widis_description
-- Up-to-date: /home/wbc/Projects/4widis_ros2control_ws/install/4widis_description/share/4widis_description/environment/ament_prefix_path.sh
-- Up-to-date: /home/wbc/Projects/4widis_ros2control_ws/install/4widis_description/share/4widis_description/environment/ament_prefix_path.dsv
-- Up-to-date: /home/wbc/Projects/4widis_ros2control_ws/install/4widis_description/share/4widis_description/environment/path.sh
-- Up-to-date: /home/wbc/Projects/4widis_ros2control_ws/install/4widis_description/share/4widis_description/environment/path.dsv
-- Up-to-date: /home/wbc/Projects/4widis_ros2control_ws/install/4widis_description/share/4widis_description/local_setup.bash
-- Up-to-date: /home/wbc/Projects/4widis_ros2control_ws/install/4widis_description/share/4widis_description/local_setup.sh
-- Up-to-date: /home/wbc/Projects/4widis_ros2control_ws/install/4widis_description/share/4widis_description/local_setup.zsh
-- Up-to-date: /home/wbc/Projects/4widis_ros2control_ws/install/4widis_description/share/4widis_description/local_setup.dsv
-- Installing: /home/wbc/Projects/4widis_ros2control_ws/install/4widis_description/share/4widis_description/package.dsv
-- Up-to-date: /home/wbc/Projects/4widis_ros2control_ws/install/4widis_description/share/ament_index/resource_index/packages/4widis_description
-- Up-to-date: /home/wbc/Projects/4widis_ros2control_ws/install/4widis_description/share/4widis_description/cmake/4widis_descriptionConfig.cmake
-- Up-to-date: /home/wbc/Projects/4widis_ros2control_ws/install/4widis_description/share/4widis_description/cmake/4widis_descriptionConfig-version.cmake
-- Up-to-date: /home/wbc/Projects/4widis_ros2control_ws/install/4widis_description/share/4widis_description/package.xml
