-- Found ament_cmake: 1.3.5 (/opt/ros/humble/share/ament_cmake/cmake)
-- Found ament_lint_auto: 0.12.7 (/opt/ros/humble/share/ament_lint_auto/cmake)
WARNING: Package name "4widis_description" does not follow the naming conventions. It should start with a lower case letter and only contain lower case letters, digits, underscores, and dashes.
-- Added test 'flake8' to check Python code syntax and style conventions
-- Added test 'lint_cmake' to check CMake code style
-- Added test 'pep257' to check Python code against some of the docstring style conventions in PEP 257
-- Added test 'xmllint' to check XML markup files
-- Configuring done
-- Generating done
-- Build files have been written to: /home/wbc/Projects/4widis_ros2control_ws/build/4widis_description
-- Install configuration: ""
-- Up-to-date: /home/wbc/Projects/4widis_ros2control_ws/install/4widis_description/share/4widis_description/src
-- Up-to-date: /home/wbc/Projects/4widis_ros2control_ws/install/4widis_description/share/4widis_description/src/description
-- Up-to-date: /home/wbc/Projects/4widis_ros2control_ws/install/4widis_description/share/4widis_description/src/description/test.urdf.xacro
-- Up-to-date: /home/wbc/Projects/4widis_ros2control_ws/install/4widis_description/share/4widis_description/launch
-- Up-to-date: /home/wbc/Projects/4widis_ros2control_ws/install/4widis_description/share/4widis_description/launch/display.launch.py
-- Up-to-date: /home/wbc/Projects/4widis_ros2control_ws/install/4widis_description/share/4widis_description/rviz
-- Up-to-date: /home/wbc/Projects/4widis_ros2control_ws/install/4widis_description/share/4widis_description/rviz/urdf_config.rviz
-- Up-to-date: /home/wbc/Projects/4widis_ros2control_ws/install/4widis_description/share/4widis_description/world
-- Up-to-date: /home/wbc/Projects/4widis_ros2control_ws/install/4widis_description/share/4widis_description/world/my_world.sdf
-- Installing: /home/wbc/Projects/4widis_ros2control_ws/install/4widis_description/share/4widis_description/config
-- Installing: /home/wbc/Projects/4widis_ros2control_ws/install/4widis_description/share/4widis_description/config/simple_controllers.yaml
-- Up-to-date: /home/wbc/Projects/4widis_ros2control_ws/install/4widis_description/share/ament_index/resource_index/package_run_dependencies/4widis_description
-- Installing: /home/wbc/Projects/4widis_ros2control_ws/install/4widis_description/share/ament_index/resource_index/parent_prefix_path/4widis_description
-- Up-to-date: /home/wbc/Projects/4widis_ros2control_ws/install/4widis_description/share/4widis_description/environment/ament_prefix_path.sh
-- Installing: /home/wbc/Projects/4widis_ros2control_ws/install/4widis_description/share/4widis_description/environment/ament_prefix_path.dsv
-- Up-to-date: /home/wbc/Projects/4widis_ros2control_ws/install/4widis_description/share/4widis_description/environment/path.sh
-- Installing: /home/wbc/Projects/4widis_ros2control_ws/install/4widis_description/share/4widis_description/environment/path.dsv
-- Up-to-date: /home/wbc/Projects/4widis_ros2control_ws/install/4widis_description/share/4widis_description/local_setup.bash
-- Up-to-date: /home/wbc/Projects/4widis_ros2control_ws/install/4widis_description/share/4widis_description/local_setup.sh
-- Up-to-date: /home/wbc/Projects/4widis_ros2control_ws/install/4widis_description/share/4widis_description/local_setup.zsh
-- Installing: /home/wbc/Projects/4widis_ros2control_ws/install/4widis_description/share/4widis_description/local_setup.dsv
-- Installing: /home/wbc/Projects/4widis_ros2control_ws/install/4widis_description/share/4widis_description/package.dsv
-- Up-to-date: /home/wbc/Projects/4widis_ros2control_ws/install/4widis_description/share/ament_index/resource_index/packages/4widis_description
-- Up-to-date: /home/wbc/Projects/4widis_ros2control_ws/install/4widis_description/share/4widis_description/cmake/4widis_descriptionConfig.cmake
-- Up-to-date: /home/wbc/Projects/4widis_ros2control_ws/install/4widis_description/share/4widis_description/cmake/4widis_descriptionConfig-version.cmake
-- Up-to-date: /home/wbc/Projects/4widis_ros2control_ws/install/4widis_description/share/4widis_description/package.xml
