[0.005s] Invoking command in '/home/wbc/Projects/4wid_4wis_nav/ackermann_ws/build/ackermann_description': CMAKE_PREFIX_PATH=${CMAKE_PREFIX_PATH}:/opt/ros/humble /usr/bin/cmake --build /home/wbc/Projects/4wid_4wis_nav/ackermann_ws/build/ackermann_description -- -j24 -l24
[0.015s] -- Found ament_cmake: 1.3.5 (/opt/ros/humble/share/ament_cmake/cmake)
[0.078s] -- Found ament_lint_auto: 0.12.7 (/opt/ros/humble/share/ament_lint_auto/cmake)
[0.108s] -- Added test 'flake8' to check Python code syntax and style conventions
[0.108s] -- Added test 'lint_cmake' to check CMake code style
[0.108s] -- Added test 'pep257' to check Python code against some of the docstring style conventions in PEP 257
[0.109s] -- Added test 'xmllint' to check XML markup files
[0.109s] -- Configuring done
[0.110s] -- Generating done
[0.110s] -- Build files have been written to: /home/wbc/Projects/4wid_4wis_nav/ackermann_ws/build/ackermann_description
[0.119s] Invoked command in '/home/wbc/Projects/4wid_4wis_nav/ackermann_ws/build/ackermann_description' returned '0': CMAKE_PREFIX_PATH=${CMAKE_PREFIX_PATH}:/opt/ros/humble /usr/bin/cmake --build /home/wbc/Projects/4wid_4wis_nav/ackermann_ws/build/ackermann_description -- -j24 -l24
[0.130s] Invoking command in '/home/wbc/Projects/4wid_4wis_nav/ackermann_ws/build/ackermann_description': CMAKE_PREFIX_PATH=${CMAKE_PREFIX_PATH}:/opt/ros/humble /usr/bin/cmake --install /home/wbc/Projects/4wid_4wis_nav/ackermann_ws/build/ackermann_description
[0.133s] -- Install configuration: ""
[0.133s] -- Installing: /home/wbc/Projects/4wid_4wis_nav/ackermann_ws/install/ackermann_description/share/ackermann_description/src
[0.133s] -- Installing: /home/wbc/Projects/4wid_4wis_nav/ackermann_ws/install/ackermann_description/share/ackermann_description/src/description
[0.133s] -- Installing: /home/wbc/Projects/4wid_4wis_nav/ackermann_ws/install/ackermann_description/share/ackermann_description/src/description/inertial_macros.xacro
[0.133s] -- Installing: /home/wbc/Projects/4wid_4wis_nav/ackermann_ws/install/ackermann_description/share/ackermann_description/src/description/vehicle.urdf.xacro
[0.133s] -- Installing: /home/wbc/Projects/4wid_4wis_nav/ackermann_ws/install/ackermann_description/share/ackermann_description/launch
[0.133s] -- Installing: /home/wbc/Projects/4wid_4wis_nav/ackermann_ws/install/ackermann_description/share/ackermann_description/launch/display.launch.py
[0.133s] -- Installing: /home/wbc/Projects/4wid_4wis_nav/ackermann_ws/install/ackermann_description/share/ackermann_description/rviz
[0.133s] -- Installing: /home/wbc/Projects/4wid_4wis_nav/ackermann_ws/install/ackermann_description/share/ackermann_description/rviz/urdf_config.rviz
[0.133s] -- Installing: /home/wbc/Projects/4wid_4wis_nav/ackermann_ws/install/ackermann_description/share/ackermann_description/config
[0.134s] -- Up-to-date: /home/wbc/Projects/4wid_4wis_nav/ackermann_ws/install/ackermann_description/share/ament_index/resource_index/package_run_dependencies/ackermann_description
[0.134s] -- Up-to-date: /home/wbc/Projects/4wid_4wis_nav/ackermann_ws/install/ackermann_description/share/ament_index/resource_index/parent_prefix_path/ackermann_description
[0.134s] -- Up-to-date: /home/wbc/Projects/4wid_4wis_nav/ackermann_ws/install/ackermann_description/share/ackermann_description/environment/ament_prefix_path.sh
[0.134s] -- Installing: /home/wbc/Projects/4wid_4wis_nav/ackermann_ws/install/ackermann_description/share/ackermann_description/environment/ament_prefix_path.dsv
[0.134s] -- Up-to-date: /home/wbc/Projects/4wid_4wis_nav/ackermann_ws/install/ackermann_description/share/ackermann_description/environment/path.sh
[0.134s] -- Installing: /home/wbc/Projects/4wid_4wis_nav/ackermann_ws/install/ackermann_description/share/ackermann_description/environment/path.dsv
[0.134s] -- Up-to-date: /home/wbc/Projects/4wid_4wis_nav/ackermann_ws/install/ackermann_description/share/ackermann_description/local_setup.bash
[0.134s] -- Up-to-date: /home/wbc/Projects/4wid_4wis_nav/ackermann_ws/install/ackermann_description/share/ackermann_description/local_setup.sh
[0.134s] -- Up-to-date: /home/wbc/Projects/4wid_4wis_nav/ackermann_ws/install/ackermann_description/share/ackermann_description/local_setup.zsh
[0.134s] -- Installing: /home/wbc/Projects/4wid_4wis_nav/ackermann_ws/install/ackermann_description/share/ackermann_description/local_setup.dsv
[0.134s] -- Installing: /home/wbc/Projects/4wid_4wis_nav/ackermann_ws/install/ackermann_description/share/ackermann_description/package.dsv
[0.134s] -- Up-to-date: /home/wbc/Projects/4wid_4wis_nav/ackermann_ws/install/ackermann_description/share/ament_index/resource_index/packages/ackermann_description
[0.134s] -- Up-to-date: /home/wbc/Projects/4wid_4wis_nav/ackermann_ws/install/ackermann_description/share/ackermann_description/cmake/ackermann_descriptionConfig.cmake
[0.134s] -- Up-to-date: /home/wbc/Projects/4wid_4wis_nav/ackermann_ws/install/ackermann_description/share/ackermann_description/cmake/ackermann_descriptionConfig-version.cmake
[0.134s] -- Up-to-date: /home/wbc/Projects/4wid_4wis_nav/ackermann_ws/install/ackermann_description/share/ackermann_description/package.xml
[0.135s] Invoked command in '/home/wbc/Projects/4wid_4wis_nav/ackermann_ws/build/ackermann_description' returned '0': CMAKE_PREFIX_PATH=${CMAKE_PREFIX_PATH}:/opt/ros/humble /usr/bin/cmake --install /home/wbc/Projects/4wid_4wis_nav/ackermann_ws/build/ackermann_description
